{"level":"error","date":"2020-04-20T08:46:33.557Z","message":"Unhandled Rejection : MongoError: Cannot create collection test.users - database is in the process of being dropped."}
{"level":"error","date":"2020-04-20T08:46:57.059Z","statusCode":404,"description":"task not found"}
{"level":"error","date":"2020-04-20T08:46:57.233Z","statusCode":404,"description":"board edcab7c6-0a81-4311-aa22-a2b0b03da1d6 not found"}
{"level":"error","date":"2020-04-20T08:46:57.704Z","statusCode":404,"description":"task not found"}
{"level":"error","date":"2020-04-20T08:46:57.706Z","statusCode":404,"description":"task not found"}
{"level":"error","date":"2020-04-20T08:46:57.711Z","statusCode":404,"description":"task not found"}
{"level":"error","date":"2020-04-20T08:46:57.712Z","statusCode":404,"description":"task not found"}
{"level":"error","date":"2020-04-20T08:46:57.762Z","statusCode":404,"description":"task not found"}
{"level":"error","date":"2020-04-20T08:47:52.226Z","statusCode":400,"description":"Bad request"}
{"level":"error","date":"2020-04-20T08:48:55.402Z","statusCode":null}
{"level":"error","date":"2020-04-20T08:49:11.515Z","statusCode":404,"description":"user not found"}
{"level":"error","date":"2020-04-20T08:51:10.239Z","message":"Unhandled Rejection : MongoError: Cannot create collection test.users - database is in the process of being dropped."}
{"level":"error","date":"2020-04-20T08:51:17.972Z","statusCode":null}
{"level":"error","date":"2020-04-20T08:52:43.181Z","statusCode":null}
{"level":"error","date":"2020-04-20T08:53:42.977Z","statusCode":null}
{"level":"error","date":"2020-04-20T08:56:54.748Z","statusCode":null}
{"level":"error","date":"2020-04-20T08:57:56.670Z","statusCode":null}
{"level":"error","date":"2020-04-20T08:58:06.110Z","statusCode":null}
{"level":"error","date":"2020-04-20T08:59:46.214Z","statusCode":null}
{"level":"error","date":"2020-04-20T09:07:45.059Z","statusCode":null}
{"level":"error","date":"2020-04-20T09:13:23.892Z","statusCode":404,"description":"task not found"}
{"level":"error","date":"2020-04-20T09:13:24.044Z","statusCode":404,"description":"board e3771a44-6ba3-4ec1-8068-9b6e9667e942 not found"}
{"level":"error","date":"2020-04-20T09:13:24.604Z","statusCode":404,"description":"task not found"}
{"level":"error","date":"2020-04-20T09:13:24.606Z","statusCode":404,"description":"task not found"}
{"level":"error","date":"2020-04-20T09:13:24.609Z","statusCode":404,"description":"task not found"}
{"level":"error","date":"2020-04-20T09:13:24.610Z","statusCode":404,"description":"task not found"}
{"level":"error","date":"2020-04-20T09:13:24.647Z","statusCode":404,"description":"task not found"}
